<?xml version="1.0" encoding="UTF-8"?>
<!-- Generated by org.testng.reporters.JUnitReportReporter -->
<testsuite hostname="DESKTOP-VECQEDQ" failures="0" tests="4" name="day7June2023.TestNGDemo2" time="0.023" errors="0" timestamp="2023-06-07T16:30:39 IST" skipped="2">
  <testcase classname="day7June2023.TestNGDemo2" name="reg" time="0.013"/>
  <system-out/>
  <testcase classname="day7June2023.TestNGDemo2" name="Login" time="0.004">
    <skipped/>
  </testcase> <!-- Login -->
  <system-out/>
  <testcase classname="day7June2023.TestNGDemo2" name="Logout" time="0.003">
    <skipped/>
  </testcase> <!-- Logout -->
  <system-out/>
  <testcase classname="day7June2023.TestNGDemo2" name="timepass" time="0.003"/>
  <system-out/>
</testsuite> <!-- day7June2023.TestNGDemo2 -->
