<?xml version="1.0" encoding="UTF-8"?>
<!-- Generated by org.testng.reporters.JUnitReportReporter -->
<testsuite hostname="DESKTOP-VECQEDQ" failures="0" tests="1" name="day15June2023.FilteringElementUsingSearchDemo" time="28.426" errors="0" timestamp="2023-06-16T12:37:22 IST" skipped="0">
  <testcase classname="day15June2023.FilteringElementUsingSearchDemo" name="verifySortingOrder" time="28.426"/>
  <system-out/>
</testsuite> <!-- day15June2023.FilteringElementUsingSearchDemo -->
