<?xml version="1.0" encoding="UTF-8"?>
<!-- Generated by org.testng.reporters.JUnitReportReporter -->
<testsuite hostname="DESKTOP-VECQEDQ" failures="0" tests="1" name="day19June2023.test.LoginTest" time="21.692" errors="0" timestamp="2023-06-19T21:39:44 IST" skipped="0">
  <testcase classname="day19June2023.test.LoginTest" name="loginTest1" time="21.692"/>
  <system-out/>
</testsuite> <!-- day19June2023.test.LoginTest -->
