<?xml version="1.0" encoding="UTF-8"?>
<!-- Generated by org.testng.reporters.JUnitReportReporter -->
<testsuite hostname="DESKTOP-VECQEDQ" failures="0" tests="2" name="day23June2023.RetryTestSample" time="0.015" errors="0" timestamp="2023-06-25T20:11:19 IST" skipped="0">
  <testcase classname="day23June2023.RetryTestSample" name="Test2" time="0.002"/>
  <system-out/>
  <testcase classname="day23June2023.RetryTestSample" name="Test1" time="0.013"/>
  <system-out/>
</testsuite> <!-- day23June2023.RetryTestSample -->
