<?xml version="1.0" encoding="UTF-8"?>
<!-- Generated by org.testng.reporters.JUnitReportReporter -->
<testsuite hostname="DESKTOP-VECQEDQ" failures="0" tests="2" name="day7June2023.OrangeHrmTest" time="21.392" errors="0" timestamp="2023-06-08T21:21:57 IST" skipped="0">
  <testcase classname="day7June2023.OrangeHrmTest" name="LaunchApp" time="19.172"/>
  <system-out/>
  <testcase classname="day7June2023.OrangeHrmTest" name="Login" time="2.220"/>
  <system-out/>
</testsuite> <!-- day7June2023.OrangeHrmTest -->
