<?xml version="1.0" encoding="UTF-8"?>
<!-- Generated by org.testng.reporters.JUnitReportReporter -->
<testsuite hostname="DESKTOP-VECQEDQ" failures="0" tests="2" name="day17June2023.GroupDemo1" time="0.008" errors="0" timestamp="2023-06-17T19:53:21 IST" skipped="0">
  <testcase classname="day17June2023.GroupDemo1" name="testBenz" time="0.001"/>
  <system-out/>
  <testcase classname="day17June2023.GroupDemo1" name="testAudi" time="0.007"/>
  <system-out/>
</testsuite> <!-- day17June2023.GroupDemo1 -->
