<?xml version="1.0" encoding="UTF-8"?>
<!-- Generated by org.testng.reporters.JUnitReportReporter -->
<testsuite hostname="DESKTOP-VECQEDQ" failures="0" tests="4" name="day9June2023.TestNGDataprovider" time="0.023" errors="0" timestamp="2023-06-09T22:15:09 IST" skipped="0">
  <testcase classname="day9June2023.TestNGDataprovider" name="login" time="0.004"/>
  <system-out/>
  <testcase classname="day9June2023.TestNGDataprovider" name="login" time="0.014"/>
  <system-out/>
  <testcase classname="day9June2023.TestNGDataprovider" name="login" time="0.004"/>
  <system-out/>
  <testcase classname="day9June2023.TestNGDataprovider" name="login" time="0.001"/>
  <system-out/>
</testsuite> <!-- day9June2023.TestNGDataprovider -->
