<?xml version="1.0" encoding="UTF-8"?>
<!-- Generated by org.testng.reporters.JUnitReportReporter -->
<testsuite hostname="DESKTOP-VECQEDQ" failures="0" tests="2" name="day11June2023.ShippingDemo" time="0.008" errors="0" timestamp="2023-06-11T20:32:54 IST" skipped="0">
  <testcase classname="day11June2023.ShippingDemo" name="verifyShipping" time="0.001"/>
  <system-out/>
  <testcase classname="day11June2023.ShippingDemo" name="verifyShipping" time="0.007"/>
  <system-out/>
</testsuite> <!-- day11June2023.ShippingDemo -->
