<?xml version="1.0" encoding="UTF-8"?>
<!-- Generated by org.testng.reporters.JUnitReportReporter -->
<testsuite hostname="DESKTOP-VECQEDQ" failures="0" tests="1" name="day13June2023.DataProviderDemo1" time="0.000" errors="0" timestamp="2023-06-21T23:59:52 IST" skipped="1">
  <testcase classname="day13June2023.DataProviderDemo1" name="verifyLogin" time="0.000">
    <skipped/>
  </testcase> <!-- verifyLogin -->
  <system-out/>
</testsuite> <!-- day13June2023.DataProviderDemo1 -->
