<?xml version="1.0" encoding="UTF-8"?>
<!-- Generated by org.testng.reporters.JUnitReportReporter -->
<testsuite hostname="DESKTOP-VECQEDQ" failures="0" tests="1" name="day15June2023.FindRoleUsingsortedWebTableElement" time="32.260" errors="0" timestamp="2023-06-16T15:00:31 IST" skipped="0">
  <testcase classname="day15June2023.FindRoleUsingsortedWebTableElement" name="VerifySortedElements" time="32.260"/>
  <system-out/>
</testsuite> <!-- day15June2023.FindRoleUsingsortedWebTableElement -->
