<?xml version="1.0" encoding="UTF-8"?>
<!-- Generated by org.testng.reporters.JUnitReportReporter -->
<testsuite hostname="DESKTOP-VECQEDQ" failures="0" tests="4" name="day11June2023.DataProviderDemo3" time="0.011" errors="0" timestamp="2023-06-12T19:13:23 IST" skipped="0">
  <testcase classname="day11June2023.DataProviderDemo3" name="verifyLogin" time="0.002"/>
  <system-out/>
  <testcase classname="day11June2023.DataProviderDemo3" name="verifyLogin" time="0.002"/>
  <system-out/>
  <testcase classname="day11June2023.DataProviderDemo3" name="verifyLogin" time="0.001"/>
  <system-out/>
  <testcase classname="day11June2023.DataProviderDemo3" name="verifyLogin" time="0.006"/>
  <system-out/>
</testsuite> <!-- day11June2023.DataProviderDemo3 -->
