<?xml version="1.0" encoding="UTF-8"?>
<!-- Generated by org.testng.reporters.JUnitReportReporter -->
<testsuite hostname="DESKTOP-VECQEDQ" failures="0" tests="2" name="day11June2023.PaymentDemo" time="0.011" errors="0" timestamp="2023-06-11T20:28:11 IST" skipped="0">
  <testcase classname="day11June2023.PaymentDemo" name="verifyPayment" time="0.009"/>
  <system-out/>
  <testcase classname="day11June2023.PaymentDemo" name="verifyPayment" time="0.002"/>
  <system-out/>
</testsuite> <!-- day11June2023.PaymentDemo -->
