<?xml version="1.0" encoding="UTF-8"?>
<!-- Generated by org.testng.reporters.JUnitReportReporter -->
<testsuite hostname="DESKTOP-VECQEDQ" failures="0" tests="3" name="day7June2023.TestNGDemo4" time="0.018" errors="0" timestamp="2023-06-07T17:22:22 IST" skipped="0">
  <testcase classname="day7June2023.TestNGDemo4" name="login" time="0.015"/>
  <system-out/>
  <testcase classname="day7June2023.TestNGDemo4" name="logout" time="0.001"/>
  <system-out/>
  <testcase classname="day7June2023.TestNGDemo4" name="reg" time="0.002"/>
  <system-out/>
</testsuite> <!-- day7June2023.TestNGDemo4 -->
