<?xml version="1.0" encoding="UTF-8"?>
<!-- Generated by org.testng.reporters.JUnitReportReporter -->
<testsuite hostname="DESKTOP-VECQEDQ" failures="0" tests="1" name="day19June2023.test.LandingTest" time="21.031" errors="0" timestamp="2023-06-19T21:39:44 IST" skipped="0">
  <testcase classname="day19June2023.test.LandingTest" name="verifyUrlTest" time="21.031"/>
  <system-out/>
</testsuite> <!-- day19June2023.test.LandingTest -->
