<?xml version="1.0" encoding="UTF-8"?>
<!-- Generated by org.testng.reporters.JUnitReportReporter -->
<testsuite hostname="DESKTOP-VECQEDQ" failures="0" tests="1" name="day13June2023.ExcelFileReadingDemo" time="0.567" errors="0" timestamp="2023-06-22T00:00:15 IST" skipped="0">
  <testcase classname="day13June2023.ExcelFileReadingDemo" name="readExcel" time="0.567"/>
  <system-out/>
</testsuite> <!-- day13June2023.ExcelFileReadingDemo -->
