<?xml version="1.0" encoding="UTF-8"?>
<!-- Generated by org.testng.reporters.JUnitReportReporter -->
<testsuite hostname="DESKTOP-VECQEDQ" failures="0" tests="3" name="day7June2023.TestNGDemo" time="0.012" errors="0" timestamp="2023-06-08T20:41:54 IST" skipped="0">
  <testcase classname="day7June2023.TestNGDemo" name="Login" time="0.009"/>
  <system-out/>
  <testcase classname="day7June2023.TestNGDemo" name="Logout" time="0.002"/>
  <system-out/>
  <testcase classname="day7June2023.TestNGDemo" name="reg" time="0.001"/>
  <system-out/>
</testsuite> <!-- day7June2023.TestNGDemo -->
