<?xml version="1.0" encoding="UTF-8"?>
<!-- Generated by org.testng.reporters.JUnitReportReporter -->
<testsuite hostname="DESKTOP-VECQEDQ" failures="0" tests="2" name="day13June2023.DataProviderDemo2" time="0.016" errors="0" timestamp="2023-06-22T00:00:06 IST" skipped="0">
  <testcase classname="day13June2023.DataProviderDemo2" name="verifyLogin" time="0.002"/>
  <system-out/>
  <testcase classname="day13June2023.DataProviderDemo2" name="verifyLogin" time="0.014"/>
  <system-out/>
</testsuite> <!-- day13June2023.DataProviderDemo2 -->
