<?xml version="1.0" encoding="UTF-8"?>
<!-- Generated by org.testng.reporters.JUnitReportReporter -->
<testsuite hostname="DESKTOP-VECQEDQ" failures="0" tests="4" name="day9June2023.DataProviderDemo2" time="138.242" errors="0" timestamp="2023-06-11T08:27:46 IST" skipped="0">
  <testcase classname="day9June2023.DataProviderDemo2" name="validateLogin" time="33.372"/>
  <system-out/>
  <testcase classname="day9June2023.DataProviderDemo2" name="validateLogin" time="33.337"/>
  <system-out/>
  <testcase classname="day9June2023.DataProviderDemo2" name="validateLogin" time="35.719"/>
  <system-out/>
  <testcase classname="day9June2023.DataProviderDemo2" name="validateLogin" time="35.814"/>
  <system-out/>
</testsuite> <!-- day9June2023.DataProviderDemo2 -->
