<?xml version="1.0" encoding="UTF-8"?>
<!-- Generated by org.testng.reporters.JUnitReportReporter -->
<testsuite hostname="DESKTOP-VECQEDQ" failures="0" tests="1" name="day19June2023.test.LandingTest" time="32.600" errors="0" timestamp="2023-06-29T00:13:22 IST" skipped="0">
  <testcase classname="day19June2023.test.LandingTest" name="verifyUrlTest" time="32.600"/>
  <system-out/>
</testsuite> <!-- day19June2023.test.LandingTest -->
