<?xml version="1.0" encoding="UTF-8"?>
<!-- Generated by org.testng.reporters.JUnitReportReporter -->
<testsuite hostname="DESKTOP-VECQEDQ" failures="0" tests="1" name="day19June2023.test.LoginTest" time="31.382" errors="0" timestamp="2023-06-29T00:13:22 IST" skipped="0">
  <testcase classname="day19June2023.test.LoginTest" name="loginTest1" time="31.382"/>
  <system-out/>
</testsuite> <!-- day19June2023.test.LoginTest -->
